{"level":"info","message":"Create and Configure the mockson Server","timestamp":"2014-01-04T19:15:45.615Z"}
{"options":{"toobusy":true,"servicesDirectory":"./services/","allowedDomains":["*"]},"level":"debug","message":"","timestamp":"2014-01-04T19:15:45.618Z"}
{"level":"info","message":"Load services from './services/'","timestamp":"2014-01-04T19:15:45.683Z"}
{"0":{"serviceUrl":"users","verbs":["get","post","put"],"headers":{"*":{"XServedBy":"MocksonService","XIpsum":"{{IPSUM}}","XRevision":["{headers.XRevision}+1","0"],"q":["{query.q}+1","0"]}},"latency":3000,"cache":true,"unwrap":{"get":true},"jsonp":"callback","templates":{"get":{"users|5-10":[{"id":"{{UUID}}","married|0-1":true,"gender":"{{GENDER}}","name":"{{NAME}}","sons":null,"daughters|0-3":[{"age|0-31":0,"name":"{{NAME[FIRST]}}"}]}]},"post":{"id":"{{UUID}}"}},"empty":{"*":{"status":401,"headers":{},"body":{}}}},"1":{"serviceUrl":"users/:id","verbs":["get","put","delete"],"headers":{"*":{"XServedBy":"MocksonService","XIpsum":"{{IPSUM}}","XRevision":"{headers.XRevision}+1"},"get":{"XServedBy":"MocksonService","XIpsum":"{{IPSUM}}","XRevision":"{XRevision}"}},"latency":500,"matches":{"service":"users","*":{"id":"{params.id}","name":["moshe","ezra"]},"get":{"id":"{params.id}"},"put":[{"{query.id}":"={id}"}]},"empty":{"*":{"status":200,"headers":{},"body":{}},"get":{"status":401,"headers":{"401":true},"body":{"data":"No Item Found"}}}},"level":"debug","message":"","timestamp":"2014-01-04T19:15:45.769Z"}
{"level":"info","message":"Set route: GET users : 3000 ms","timestamp":"2014-01-04T19:15:45.773Z"}
{"level":"info","message":"Set route: POST users : 3000 ms","timestamp":"2014-01-04T19:15:45.774Z"}
{"level":"info","message":"Set route: PUT users : 3000 ms","timestamp":"2014-01-04T19:15:45.774Z"}
{"level":"info","message":"Set route: GET users/:id : 500 ms","timestamp":"2014-01-04T19:15:45.775Z"}
{"level":"info","message":"Set route: PUT users/:id : 500 ms","timestamp":"2014-01-04T19:15:45.776Z"}
{"level":"info","message":"Set route: DELETE users/:id : 500 ms","timestamp":"2014-01-04T19:15:45.779Z"}
{"level":"info","message":"Services Loaded","timestamp":"2014-01-04T19:15:45.785Z"}
{"level":"info","message":"Configure static pages","timestamp":"2014-01-04T19:15:45.786Z"}
{"level":"info","message":"Start the mockson Server","timestamp":"2014-01-04T19:15:45.791Z"}
{"level":"info","message":"mockson server listening at 127.11.152.1:8080","timestamp":"2014-01-04T19:15:45.882Z"}
{"level":"info","message":"Got request to 'users'","timestamp":"2014-01-04T19:15:58.078Z"}
{"level":"info","message":"Load service '/var/lib/stickshift/52bfe482e0b8cd446f000344/app-root/data/722765/services/users.json'","timestamp":"2014-01-04T19:15:45.766Z"}
{"level":"info","message":"Process response for 'users'","timestamp":"2014-01-04T19:16:01.079Z"}
{"level":"info","message":"Process headers","timestamp":"2014-01-04T19:16:01.080Z"}
{"XServedBy":"MocksonService","XIpsum":"deleniti","XRevision":"0","q":4,"level":"debug","message":"","timestamp":"2014-01-04T19:16:01.087Z"}
{"level":"info","message":"Process status","timestamp":"2014-01-04T19:16:01.091Z"}
{"level":"debug","message":"200","timestamp":"2014-01-04T19:16:01.095Z"}
{"level":"info","message":"Process body","timestamp":"2014-01-04T19:16:01.096Z"}
{"0":{"id":"1d86bcb4-c3ac-40f7-9faf-c94342aece79","married":false,"gender":"Female","name":"Dudley Pouros","sons":null,"daughters":[{"age":15,"name":"Keagan"}]},"1":{"id":"193c2df5-4dc8-47cf-9a86-a93782a78ee6","married":true,"gender":"Female","name":"Ronaldo Kihn","sons":null,"daughters":[{"age":16,"name":"Zora"}]},"2":{"id":"be166c03-535e-44da-9d95-c423bffa915b","married":false,"gender":"Female","name":"Mollie Parisian","sons":null,"daughters":[{"age":0,"name":"Nathanael"},{"age":15,"name":"Laurie"}]},"3":{"id":"39ed1f00-cdc3-4737-aedc-70969911204e","married":false,"gender":"Male","name":"Winston Streich","sons":null,"daughters":[]},"4":{"id":"9a36a65d-7b73-4110-b413-79baebc0cdda","married":false,"gender":"Male","name":"Miss Stephon Nicolas","sons":null,"daughters":[{"age":6,"name":"Keeley"},{"age":15,"name":"Domingo"}]},"5":{"id":"a32c1e3e-3bb1-4783-bc7a-582e41a5a7b5","married":false,"gender":"Male","name":"Royal Hessel","sons":null,"daughters":[{"age":6,"name":"Jayne"},{"age":9,"name":"Donato"}]},"level":"debug","message":"","timestamp":"2014-01-04T19:16:01.102Z"}
{"level":"info","message":"Response for 'users' was processed","timestamp":"2014-01-04T19:16:01.165Z"}
{"level":"info","message":"Got request to 'users/:id'","timestamp":"2014-01-04T19:16:20.870Z"}
{"level":"info","message":"Process response for 'users/:id'","timestamp":"2014-01-04T19:16:21.374Z"}
{"level":"info","message":"Create and Configure the mockson Server","timestamp":"2014-01-04T19:24:28.952Z"}
{"options":{"toobusy":true,"servicesDirectory":"./services/","allowedDomains":["*"]},"level":"debug","message":"","timestamp":"2014-01-04T19:24:28.968Z"}
{"level":"info","message":"Load services from './services/'","timestamp":"2014-01-04T19:24:29.083Z"}
{"0":{"serviceUrl":"users","verbs":["get","post","put"],"headers":{"*":{"XServedBy":"MocksonService","XIpsum":"{{IPSUM}}","XRevision":["{headers.XRevision}+1","0"],"q":["{query.q}+1","0"]}},"latency":3000,"cache":true,"unwrap":{"get":true},"jsonp":"callback","templates":{"get":{"users|5-10":[{"id":"{{UUID}}","married|0-1":true,"gender":"{{GENDER}}","name":"{{NAME}}","sons":null,"daughters|0-3":[{"age|0-31":0,"name":"{{NAME[FIRST]}}"}]}]},"post":{"id":"{{UUID}}"}},"empty":{"*":{"status":401,"headers":{},"body":{}}}},"1":{"serviceUrl":"users/:id","verbs":["get","put","delete"],"headers":{"*":{"XServedBy":"MocksonService","XIpsum":"{{IPSUM}}","XRevision":"{headers.XRevision}+1"},"get":{"XServedBy":"MocksonService","XIpsum":"{{IPSUM}}","XRevision":"{XRevision}"}},"latency":500,"matches":{"service":"users","*":{"id":"{params.id}","name":["moshe","ezra"]},"get":{"id":"{params.id}"},"put":[{"{query.id}":"={id}"}]},"empty":{"*":{"status":200,"headers":{},"body":{}},"get":{"status":401,"headers":{"401":true},"body":{"data":"No Item Found"}}}},"level":"debug","message":"","timestamp":"2014-01-04T19:24:29.090Z"}
{"level":"info","message":"Set route: GET users : 3000 ms","timestamp":"2014-01-04T19:24:29.091Z"}
{"level":"info","message":"Set route: POST users : 3000 ms","timestamp":"2014-01-04T19:24:29.092Z"}
{"level":"info","message":"Set route: PUT users : 3000 ms","timestamp":"2014-01-04T19:24:29.092Z"}
{"level":"info","message":"Set route: GET users/:id : 500 ms","timestamp":"2014-01-04T19:24:29.092Z"}
{"level":"info","message":"Set route: PUT users/:id : 500 ms","timestamp":"2014-01-04T19:24:29.093Z"}
{"level":"info","message":"Set route: DELETE users/:id : 500 ms","timestamp":"2014-01-04T19:24:29.093Z"}
{"level":"info","message":"Services Loaded","timestamp":"2014-01-04T19:24:29.093Z"}
{"level":"info","message":"Configure static pages","timestamp":"2014-01-04T19:24:29.093Z"}
{"level":"info","message":"Start the mockson Server","timestamp":"2014-01-04T19:24:29.094Z"}
{"level":"info","message":"mockson server listening at 127.11.152.1:8080","timestamp":"2014-01-04T19:24:29.235Z"}
{"level":"info","message":"Got request to 'users'","timestamp":"2014-01-04T19:24:42.369Z"}
{"level":"info","message":"Process response for 'users'","timestamp":"2014-01-04T19:24:45.371Z"}
{"level":"info","message":"Process headers","timestamp":"2014-01-04T19:24:45.372Z"}
{"XServedBy":"MocksonService","XIpsum":"rem","XRevision":"0","q":4,"level":"debug","message":"","timestamp":"2014-01-04T19:24:45.376Z"}
{"level":"info","message":"Process status","timestamp":"2014-01-04T19:24:45.377Z"}
{"level":"debug","message":"200","timestamp":"2014-01-04T19:24:45.378Z"}
{"level":"info","message":"Process body","timestamp":"2014-01-04T19:24:45.378Z"}
{"0":{"id":"78693beb-7134-4a2e-aaa2-ec59bd144c7c","married":false,"gender":"Female","name":"Demario O'Connell","sons":null,"daughters":[{"age":20,"name":"Elroy"},{"age":25,"name":"Florida"}]},"1":{"id":"99855249-d932-480d-a512-e360799d3070","married":true,"gender":"Female","name":"Joana Mertz","sons":null,"daughters":[{"age":13,"name":"Kimberly"},{"age":27,"name":"Kaylie"}]},"2":{"id":"6cd092a3-130b-4bd6-8fb0-f5cfda9586b6","married":false,"gender":"Male","name":"Dr. Stephanie Schuppe","sons":null,"daughters":[{"age":10,"name":"Briana"},{"age":2,"name":"Kelly"}]},"3":{"id":"9080d8ae-1917-40da-a167-6e6e43ea97b2","married":true,"gender":"Male","name":"Alphonso Bashirian","sons":null,"daughters":[]},"4":{"id":"2488a998-9d60-4e3d-a285-550258a0c283","married":false,"gender":"Female","name":"Johnson Cummerata","sons":null,"daughters":[{"age":27,"name":"Lavada"}]},"level":"debug","message":"","timestamp":"2014-01-04T19:24:45.382Z"}
{"level":"info","message":"Response for 'users' was processed","timestamp":"2014-01-04T19:24:45.387Z"}
{"level":"info","message":"Got request to 'users/:id'","timestamp":"2014-01-04T19:24:58.661Z"}
{"level":"info","message":"Process response for 'users/:id'","timestamp":"2014-01-04T19:24:59.163Z"}
{"level":"info","message":"Process headers","timestamp":"2014-01-04T19:24:59.167Z"}
{"XServedBy":"MocksonService","XIpsum":"non","XRevision":"{XRevision}","level":"debug","message":"","timestamp":"2014-01-04T19:24:59.172Z"}
{"level":"info","message":"Process status","timestamp":"2014-01-04T19:24:59.173Z"}
{"level":"info","message":"Load service '/var/lib/stickshift/52bfe482e0b8cd446f000344/app-root/data/722765/services/users.json'","timestamp":"2014-01-04T19:24:29.088Z"}
{"level":"debug","message":"200","timestamp":"2014-01-04T19:24:59.173Z"}
{"level":"debug","message":"undefined","timestamp":"2014-01-04T19:25:58.206Z"}
{"level":"info","message":"Process body","timestamp":"2014-01-04T19:24:59.174Z"}
{"level":"info","message":"Response for 'users/:id' was processed","timestamp":"2014-01-04T19:25:58.209Z"}
{"level":"info","message":"Got request to 'users/:id'","timestamp":"2014-01-04T19:26:26.378Z"}
{"level":"info","message":"Process response for 'users/:id'","timestamp":"2014-01-04T19:26:26.881Z"}
{"level":"info","message":"Create and Configure the mockson Server","timestamp":"2014-01-04T19:35:56.993Z"}
{"options":{"toobusy":true,"servicesDirectory":"./services/","allowedDomains":["*"]},"level":"debug","message":"","timestamp":"2014-01-04T19:35:56.998Z"}
{"level":"info","message":"Load services from './services/'","timestamp":"2014-01-04T19:35:57.084Z"}
{"0":{"serviceUrl":"users","verbs":["get","post","put"],"headers":{"*":{"XServedBy":"MocksonService","XIpsum":"{{IPSUM}}","XRevision":["{headers.XRevision}+1","0"],"q":["{query.q}+1","0"]}},"latency":3000,"cache":true,"unwrap":{"get":true},"jsonp":"callback","templates":{"get":{"users|5-10":[{"id":"{{UUID}}","married|0-1":true,"gender":"{{GENDER}}","name":"{{NAME}}","sons":null,"daughters|0-3":[{"age|0-31":0,"name":"{{NAME[FIRST]}}"}]}]},"post":{"id":"{{UUID}}"}},"empty":{"*":{"status":204,"headers":{},"body":{}}}},"1":{"serviceUrl":"users/:id","verbs":["get","put","delete"],"headers":{"*":{"XServedBy":"MocksonService","XIpsum":"{{IPSUM}}","XRevision":"{headers.XRevision}+1"},"get":{"XServedBy":"MocksonService","XIpsum":"{{IPSUM}}","XRevision":"{XRevision}"}},"latency":500,"matches":{"service":"users","*":{"id":"{params.id}","name":["moshe","ezra"]},"get":{"id":"{params.id}"},"put":[{"{query.id}":"={id}"}]},"empty":{"*":{"status":200,"headers":{},"body":{}},"get":{"status":404,"headers":{"404":true},"body":{"data":"No Item Found"}}}},"level":"debug","message":"","timestamp":"2014-01-04T19:35:57.161Z"}
{"level":"info","message":"Set route: GET users : 3000 ms","timestamp":"2014-01-04T19:35:57.162Z"}
{"level":"info","message":"Set route: POST users : 3000 ms","timestamp":"2014-01-04T19:35:57.162Z"}
{"level":"info","message":"Set route: PUT users : 3000 ms","timestamp":"2014-01-04T19:35:57.162Z"}
{"level":"info","message":"Set route: GET users/:id : 500 ms","timestamp":"2014-01-04T19:35:57.162Z"}
{"level":"info","message":"Set route: PUT users/:id : 500 ms","timestamp":"2014-01-04T19:35:57.163Z"}
{"level":"info","message":"Set route: DELETE users/:id : 500 ms","timestamp":"2014-01-04T19:35:57.163Z"}
{"level":"info","message":"Services Loaded","timestamp":"2014-01-04T19:35:57.163Z"}
{"level":"info","message":"Configure static pages","timestamp":"2014-01-04T19:35:57.163Z"}
{"level":"info","message":"Start the mockson Server","timestamp":"2014-01-04T19:35:57.164Z"}
{"level":"info","message":"mockson server listening at 127.11.152.1:8080","timestamp":"2014-01-04T19:35:57.174Z"}
{"level":"info","message":"Load service '/var/lib/stickshift/52bfe482e0b8cd446f000344/app-root/data/722765/services/users.json'","timestamp":"2014-01-04T19:35:57.158Z"}
{"level":"info","message":"Got request to 'users'","timestamp":"2014-01-04T19:36:09.580Z"}
{"level":"info","message":"Process response for 'users'","timestamp":"2014-01-04T19:36:12.582Z"}
{"level":"info","message":"Process headers","timestamp":"2014-01-04T19:36:12.584Z"}
{"XServedBy":"MocksonService","XIpsum":"dolorem","XRevision":"0","q":4,"level":"debug","message":"","timestamp":"2014-01-04T19:36:12.594Z"}
{"level":"info","message":"Process status","timestamp":"2014-01-04T19:36:12.596Z"}
{"level":"debug","message":"200","timestamp":"2014-01-04T19:36:12.599Z"}
{"level":"info","message":"Process body","timestamp":"2014-01-04T19:36:12.600Z"}
{"0":{"id":"220f9c37-e978-4063-b8b5-030d4bc0da33","married":true,"gender":"Male","name":"Lamont Mueller","sons":null,"daughters":[{"age":8,"name":"Jasen"}]},"1":{"id":"214be633-6820-4c26-87f7-019bdc523d89","married":true,"gender":"Female","name":"Dolly Lind","sons":null,"daughters":[{"age":4,"name":"Lurline"}]},"2":{"id":"727eafd4-6b9f-4887-a35b-36f0134ac8b7","married":true,"gender":"Female","name":"Cristina Mayert II","sons":null,"daughters":[{"age":6,"name":"Charity"}]},"3":{"id":"d42aa6d8-78ce-469a-9fe0-b3d9f9583a08","married":false,"gender":"Male","name":"Donavon Dooley","sons":null,"daughters":[{"age":18,"name":"Dax"}]},"4":{"id":"cf8e6d6a-206b-420c-a77f-6b39fa9d495b","married":false,"gender":"Female","name":"Johnson Pfannerstill","sons":null,"daughters":[{"age":14,"name":"Ines"},{"age":18,"name":"Cordelia"}]},"level":"debug","message":"","timestamp":"2014-01-04T19:36:12.602Z"}
{"level":"info","message":"Response for 'users' was processed","timestamp":"2014-01-04T19:36:12.608Z"}
{"level":"info","message":"Got request to 'users/:id'","timestamp":"2014-01-04T19:36:25.652Z"}
{"level":"info","message":"Process response for 'users/:id'","timestamp":"2014-01-04T19:36:26.154Z"}
{"level":"info","message":"Process headers","timestamp":"2014-01-04T19:36:26.155Z"}
{"XServedBy":"MocksonService","XIpsum":"ad","XRevision":"{XRevision}","level":"debug","message":"","timestamp":"2014-01-04T19:36:26.156Z"}
{"level":"info","message":"Process status","timestamp":"2014-01-04T19:36:26.166Z"}
{"level":"debug","message":"200","timestamp":"2014-01-04T19:36:26.166Z"}
{"level":"info","message":"Process body","timestamp":"2014-01-04T19:36:26.166Z"}
{"level":"debug","message":"undefined","timestamp":"2014-01-04T19:36:44.779Z"}
{"level":"info","message":"Response for 'users/:id' was processed","timestamp":"2014-01-04T19:36:44.782Z"}
{"level":"info","message":"Got request to 'users/:id'","timestamp":"2014-01-04T19:37:27.668Z"}
{"level":"info","message":"Process response for 'users/:id'","timestamp":"2014-01-04T19:37:28.171Z"}
{"level":"info","message":"Create and Configure the mockson Server","timestamp":"2014-01-04T19:54:50.692Z"}
{"options":{"toobusy":true,"servicesDirectory":"./services/","allowedDomains":["*"]},"level":"debug","message":"","timestamp":"2014-01-04T19:54:50.724Z"}
{"level":"info","message":"Load services from './services/'","timestamp":"2014-01-04T19:54:51.282Z"}
{"0":{"serviceUrl":"users","verbs":["get","post","put"],"headers":{"*":{"XServedBy":"MocksonService","XIpsum":"{{IPSUM}}","XRevision":["{headers.XRevision}+1","0"],"q":["{query.q}+1","0"]}},"latency":3000,"cache":true,"unwrap":{"get":true},"jsonp":"callback","templates":{"get":{"users|5-10":[{"id":"{{UUID}}","married|0-1":true,"gender":"{{GENDER}}","name":"{{NAME}}","sons":null,"daughters|0-3":[{"age|0-31":0,"name":"{{NAME[FIRST]}}"}]}]},"post":{"id":"{{UUID}}"}},"empty":{"*":{"status":204,"headers":{},"body":{}}}},"1":{"serviceUrl":"users/:id","verbs":["get","put","delete"],"headers":{"*":{"XServedBy":"MocksonService","XIpsum":"{{IPSUM}}","XRevision":"{headers.XRevision}+1"},"get":{"XServedBy":"MocksonService","XIpsum":"{{IPSUM}}","XRevision":"{XRevision}"}},"latency":500,"matches":{"service":"users","*":{"id":"{params.id}","name":["moshe","ezra"]},"get":{"id":"{params.id}"},"put":[{"{query.id}":"={id}"}]},"empty":{"*":{"status":200,"headers":{},"body":{}},"get":{"status":404,"headers":{"404":true},"body":{"data":"No Item Found"}}}},"level":"debug","message":"","timestamp":"2014-01-04T19:54:51.487Z"}
{"level":"info","message":"Set route: GET users : 3000 ms","timestamp":"2014-01-04T19:54:51.517Z"}
{"level":"info","message":"Set route: POST users : 3000 ms","timestamp":"2014-01-04T19:54:51.531Z"}
{"level":"info","message":"Set route: PUT users : 3000 ms","timestamp":"2014-01-04T19:54:51.542Z"}
{"level":"info","message":"Set route: GET users/:id : 500 ms","timestamp":"2014-01-04T19:54:51.545Z"}
{"level":"info","message":"Set route: PUT users/:id : 500 ms","timestamp":"2014-01-04T19:54:51.546Z"}
{"level":"info","message":"Set route: DELETE users/:id : 500 ms","timestamp":"2014-01-04T19:54:51.546Z"}
{"level":"info","message":"Services Loaded","timestamp":"2014-01-04T19:54:51.547Z"}
{"level":"info","message":"Configure static pages","timestamp":"2014-01-04T19:54:51.547Z"}
{"level":"info","message":"Start the mockson Server","timestamp":"2014-01-04T19:54:51.548Z"}
{"level":"info","message":"mockson server listening at 127.11.152.1:8080","timestamp":"2014-01-04T19:54:51.587Z"}
{"level":"info","message":"Got request to 'users'","timestamp":"2014-01-04T19:54:58.437Z"}
{"level":"info","message":"Load service '/var/lib/stickshift/52bfe482e0b8cd446f000344/app-root/data/722765/services/users.json'","timestamp":"2014-01-04T19:54:51.326Z"}
{"level":"info","message":"Process response for 'users'","timestamp":"2014-01-04T19:55:01.439Z"}
{"level":"info","message":"Process headers","timestamp":"2014-01-04T19:55:01.440Z"}
{"XServedBy":"MocksonService","XIpsum":"dolorem","XRevision":"0","q":4,"level":"debug","message":"","timestamp":"2014-01-04T19:55:01.443Z"}
{"level":"info","message":"Process status","timestamp":"2014-01-04T19:55:01.444Z"}
{"level":"debug","message":"200","timestamp":"2014-01-04T19:55:01.445Z"}
{"level":"info","message":"Process body","timestamp":"2014-01-04T19:55:01.445Z"}
{"0":{"id":"48e1e504-5a22-425b-b94d-3c856f8a0834","married":true,"gender":"Male","name":"Ms. Mya Leannon","sons":null,"daughters":[{"age":18,"name":"Isaiah"},{"age":28,"name":"Sarina"}]},"1":{"id":"cb5f710f-5f24-46b6-bd84-d634db11288b","married":true,"gender":"Male","name":"Augustine Boehm","sons":null,"daughters":[]},"2":{"id":"bd6f2a2f-ad69-4f2d-9ae5-eb343daceae4","married":false,"gender":"Female","name":"Enrico Von","sons":null,"daughters":[{"age":4,"name":"Albert"},{"age":18,"name":"Raphaelle"}]},"3":{"id":"45057d91-b411-4d1b-a6d9-b947489dfd86","married":false,"gender":"Male","name":"Queen Mraz","sons":null,"daughters":[{"age":22,"name":"Mauricio"}]},"4":{"id":"9925ab31-cfc3-4562-b641-3ac53d1d57d7","married":false,"gender":"Male","name":"Eloisa Huels","sons":null,"daughters":[{"age":4,"name":"Shane"},{"age":1,"name":"Verlie"}]},"5":{"id":"4e488de7-7245-485c-b938-9254d1f84f3d","married":false,"gender":"Male","name":"Martin Nicolas","sons":null,"daughters":[{"age":23,"name":"Emilio"},{"age":28,"name":"Arne"}]},"6":{"id":"0de9abdb-2cdd-48b5-a7e1-a6ee667d8955","married":true,"gender":"Female","name":"Tyra Jones","sons":null,"daughters":[{"age":11,"name":"Nichole"},{"age":20,"name":"Madyson"}]},"7":{"id":"0daab970-26f4-4055-bd67-443d39f468e0","married":false,"gender":"Male","name":"Hollis Collins","sons":null,"daughters":[]},"8":{"id":"97e0a5a2-0b13-4e19-9315-c0c8cbca4c04","married":true,"gender":"Female","name":"Tyler Franecki","sons":null,"daughters":[]},"level":"debug","message":"","timestamp":"2014-01-04T19:55:01.448Z"}
{"level":"info","message":"Response for 'users' was processed","timestamp":"2014-01-04T19:55:01.452Z"}
{"level":"info","message":"Got request to 'users/:id'","timestamp":"2014-01-04T19:55:25.690Z"}
{"level":"info","message":"Process response for 'users/:id'","timestamp":"2014-01-04T19:55:26.207Z"}
{"level":"info","message":"Process headers","timestamp":"2014-01-04T19:55:26.228Z"}
{"XServedBy":"MocksonService","XIpsum":"eaque","XRevision":"{XRevision}","level":"debug","message":"","timestamp":"2014-01-04T19:55:26.441Z"}
{"level":"info","message":"Process status","timestamp":"2014-01-04T19:55:26.548Z"}
{"id":"bd6f2a2f-ad69-4f2d-9ae5-eb343daceae4","married":false,"gender":"Female","name":"Enrico Von","sons":null,"daughters":[{"age":4,"name":"Albert"},{"age":18,"name":"Raphaelle"}],"level":"debug","message":"","timestamp":"2014-01-04T19:56:48.411Z"}
{"level":"debug","message":"200","timestamp":"2014-01-04T19:55:26.648Z"}
{"level":"info","message":"Response for 'users/:id' was processed","timestamp":"2014-01-04T19:56:48.427Z"}
{"level":"info","message":"Process body","timestamp":"2014-01-04T19:55:26.742Z"}
{"level":"info","message":"Got request to 'users/:id'","timestamp":"2014-01-04T19:57:13.083Z"}
{"level":"info","message":"Process response for 'users/:id'","timestamp":"2014-01-04T19:57:13.645Z"}
{"level":"info","message":"Process headers","timestamp":"2014-01-04T19:57:13.646Z"}
{"XServedBy":"MocksonService","XIpsum":"quas","XRevision":"{XRevision}","level":"debug","message":"","timestamp":"2014-01-04T19:57:13.660Z"}
{"level":"info","message":"Process status","timestamp":"2014-01-04T19:57:13.663Z"}
{"level":"debug","message":"200","timestamp":"2014-01-04T19:57:13.665Z"}
{"level":"info","message":"Process body","timestamp":"2014-01-04T19:57:13.668Z"}
{"level":"debug","message":"undefined","timestamp":"2014-01-04T19:57:22.742Z"}
{"level":"info","message":"Response for 'users/:id' was processed","timestamp":"2014-01-04T19:57:22.766Z"}
{"level":"info","message":"Got request to 'users/:id'","timestamp":"2014-01-04T19:57:35.685Z"}
{"level":"info","message":"Process response for 'users/:id'","timestamp":"2014-01-04T19:57:36.188Z"}
{"level":"info","message":"Process headers","timestamp":"2014-01-04T19:57:36.189Z"}
{"XServedBy":"MocksonService","XIpsum":"possimus","XRevision":"{XRevision}","level":"debug","message":"","timestamp":"2014-01-04T19:57:36.190Z"}
{"level":"info","message":"Process status","timestamp":"2014-01-04T19:57:36.192Z"}
{"level":"debug","message":"200","timestamp":"2014-01-04T19:57:36.192Z"}
{"level":"info","message":"Process body","timestamp":"2014-01-04T19:57:36.192Z"}
{"id":"bd6f2a2f-ad69-4f2d-9ae5-eb343daceae4","married":false,"gender":"Female","name":"Enrico Von","sons":null,"daughters":[{"age":4,"name":"Albert"},{"age":18,"name":"Raphaelle"}],"level":"debug","message":"","timestamp":"2014-01-04T19:57:49.301Z"}
{"level":"info","message":"Response for 'users/:id' was processed","timestamp":"2014-01-04T19:57:49.374Z"}
{"level":"info","message":"Got request to 'users/:id'","timestamp":"2014-01-04T19:57:56.232Z"}
{"level":"info","message":"Process response for 'users/:id'","timestamp":"2014-01-04T19:57:56.735Z"}
{"level":"info","message":"Process headers","timestamp":"2014-01-04T19:57:56.738Z"}
{"XServedBy":"MocksonService","XIpsum":"praesentium","XRevision":"{XRevision}","level":"debug","message":"","timestamp":"2014-01-04T19:57:56.743Z"}
{"level":"info","message":"Process status","timestamp":"2014-01-04T19:57:56.744Z"}
{"level":"debug","message":"200","timestamp":"2014-01-04T19:57:56.746Z"}
{"level":"info","message":"Process body","timestamp":"2014-01-04T19:57:56.746Z"}
{"id":"bd6f2a2f-ad69-4f2d-9ae5-eb343daceae4","married":false,"gender":"Female","name":"Enrico Von","sons":null,"daughters":[{"age":4,"name":"Albert"},{"age":18,"name":"Raphaelle"}],"level":"debug","message":"","timestamp":"2014-01-04T19:57:56.757Z"}
{"level":"info","message":"Response for 'users/:id' was processed","timestamp":"2014-01-04T19:57:56.760Z"}
{"level":"info","message":"Create and Configure the mockson Server","timestamp":"2014-01-04T21:05:23.175Z"}
{"options":{"toobusy":true,"servicesDirectory":"./services/","allowedDomains":["*"]},"level":"debug","message":"","timestamp":"2014-01-04T21:05:23.181Z"}
{"level":"info","message":"Load services from './services/'","timestamp":"2014-01-04T21:05:23.284Z"}
{"0":{"serviceUrl":"users","verbs":["get","post","put"],"headers":{"*":{"XServedBy":"Mockson","XIpsum":"{{IPSUM}}","XRevision":["{headers.XRevision}+1","0"],"q":["{query.q}+1","0"]}},"latency":3000,"cache":true,"unwrap":{"get":true},"jsonp":"callback","templates":{"get":{"users|5-10":[{"id":"{{UUID}}","idx|+1":0,"married|0-1":true,"gender":"{{GENDER}}","name":"{{NAME}}","sons":null,"daughters|0-3":[{"age|0-31":0,"name":"{{NAME[FIRST]}}"}]}]},"post":{"id":"{{UUID}}"}},"empty":{"*":{"status":204,"headers":{},"body":{}}}},"1":{"serviceUrl":"users/:id","verbs":["get","put","delete"],"headers":{"*":{"XServedBy":"Mockson","XIpsum":"{{IPSUM}}","XRevision":"{headers.XRevision}"},"get":{"XServedBy":"Mockson","XRevision":"{headers.XRevision}"}},"latency":500,"matches":{"service":"users","*":{"id":"{params.id}","name":["moshe","ezra"]},"get":{"id":"{params.id}"},"put":[{"{query.id}":"={id}"}]},"empty":{"*":{"status":200,"headers":{},"body":{}},"get":{"status":204,"headers":{"204":true},"body":{"data":"No Item Found"}}}},"level":"debug","message":"","timestamp":"2014-01-04T21:05:23.359Z"}
{"level":"info","message":"Set route: GET users : 3000 ms","timestamp":"2014-01-04T21:05:23.364Z"}
{"level":"info","message":"Set route: POST users : 3000 ms","timestamp":"2014-01-04T21:05:23.365Z"}
{"level":"info","message":"Set route: PUT users : 3000 ms","timestamp":"2014-01-04T21:05:23.366Z"}
{"level":"info","message":"Set route: GET users/:id : 500 ms","timestamp":"2014-01-04T21:05:23.367Z"}
{"level":"info","message":"Set route: PUT users/:id : 500 ms","timestamp":"2014-01-04T21:05:23.367Z"}
{"level":"info","message":"Set route: DELETE users/:id : 500 ms","timestamp":"2014-01-04T21:05:23.368Z"}
{"level":"info","message":"Services Loaded","timestamp":"2014-01-04T21:05:23.369Z"}
{"level":"info","message":"Configure static pages","timestamp":"2014-01-04T21:05:23.369Z"}
{"level":"info","message":"Start the mockson Server","timestamp":"2014-01-04T21:05:23.370Z"}
{"level":"info","message":"mockson server listening at 127.11.152.1:8080","timestamp":"2014-01-04T21:05:23.385Z"}
{"level":"info","message":"Create and Configure the mockson Server","timestamp":"2014-01-04T21:07:44.152Z"}
{"options":{"toobusy":true,"servicesDirectory":"./services/","allowedDomains":["*"]},"level":"debug","message":"","timestamp":"2014-01-04T21:07:44.213Z"}
{"level":"info","message":"Load services from './services/'","timestamp":"2014-01-04T21:07:44.389Z"}
{"0":{"serviceUrl":"users","verbs":["get","post","put"],"headers":{"*":{"XServedBy":"Mockson","XIpsum":"{{IPSUM}}","XRevision":["{headers.XRevision}+1","0"],"q":["{query.q}+1","0"]}},"latency":3000,"cache":true,"unwrap":{"get":true},"jsonp":"callback","templates":{"get":{"users|5-10":[{"id":"{{UUID}}","idx|+1":0,"married|0-1":true,"gender":"{{GENDER}}","name":"{{NAME}}","sons":null,"daughters|0-3":[{"age|0-31":0,"name":"{{NAME[FIRST]}}"}]}]},"post":{"id":"{{UUID}}"}},"empty":{"*":{"status":204,"headers":{},"body":{}}}},"1":{"serviceUrl":"users/:id","verbs":["get","put","delete"],"headers":{"*":{"XServedBy":"Mockson","XIpsum":"{{IPSUM}}","XRevision":"{headers.XRevision}"},"get":{"XServedBy":"Mockson","XRevision":"{headers.XRevision}"}},"latency":500,"matches":{"service":"users","*":{"id":"{params.id}","name":["moshe","ezra"]},"get":{"id":"{params.id}"},"put":[{"{query.id}":"={id}"}]},"empty":{"*":{"status":200,"headers":{},"body":{}},"get":{"status":204,"headers":{"204":true},"body":{"data":"No Item Found"}}}},"level":"debug","message":"","timestamp":"2014-01-04T21:07:44.428Z"}
{"level":"info","message":"Set route: GET users : 3000 ms","timestamp":"2014-01-04T21:07:44.475Z"}
{"level":"info","message":"Set route: POST users : 3000 ms","timestamp":"2014-01-04T21:07:44.476Z"}
{"level":"info","message":"Set route: PUT users : 3000 ms","timestamp":"2014-01-04T21:07:44.490Z"}
{"level":"info","message":"Set route: GET users/:id : 500 ms","timestamp":"2014-01-04T21:07:44.502Z"}
{"level":"info","message":"Set route: PUT users/:id : 500 ms","timestamp":"2014-01-04T21:07:44.508Z"}
{"level":"info","message":"Set route: DELETE users/:id : 500 ms","timestamp":"2014-01-04T21:07:44.552Z"}
{"level":"info","message":"Services Loaded","timestamp":"2014-01-04T21:07:44.553Z"}
{"level":"info","message":"Configure static pages","timestamp":"2014-01-04T21:07:44.553Z"}
{"level":"info","message":"Start the mockson Server","timestamp":"2014-01-04T21:07:44.554Z"}
{"level":"info","message":"mockson server listening at 127.11.152.1:8080","timestamp":"2014-01-04T21:07:44.598Z"}
{"level":"info","message":"Load service '/var/lib/stickshift/52bfe482e0b8cd446f000344/app-root/data/722765/services/users.json'","timestamp":"2014-01-04T21:07:44.425Z"}
{"level":"info","message":"Got request to 'users'","timestamp":"2014-01-04T21:08:04.661Z"}
{"level":"info","message":"Process response for 'users'","timestamp":"2014-01-04T21:08:07.719Z"}
{"level":"info","message":"Process headers","timestamp":"2014-01-04T21:08:07.719Z"}
{"XServedBy":"Mockson","XIpsum":"at","XRevision":"0","q":4,"level":"debug","message":"","timestamp":"2014-01-04T21:08:07.742Z"}
{"level":"info","message":"Process status","timestamp":"2014-01-04T21:08:07.743Z"}
{"level":"debug","message":"200","timestamp":"2014-01-04T21:08:07.746Z"}
{"level":"info","message":"Process body","timestamp":"2014-01-04T21:08:07.748Z"}
{"0":{"id":"ee0543c0-80fa-4a71-bd52-fc8bce5297d1","idx":0,"married":false,"gender":"Female","name":"Dr. Deontae Cremin","sons":null,"daughters":[]},"1":{"id":"eabcc69f-0513-43fa-ad96-4ff8d17a0f56","idx":1,"married":false,"gender":"Female","name":"Lavern Bahringer","sons":null,"daughters":[{"age":30,"name":"Ethel"}]},"2":{"id":"2f838167-29ef-46fb-a371-95978b90c1a5","idx":2,"married":true,"gender":"Male","name":"Lawson Prosacco","sons":null,"daughters":[]},"3":{"id":"ef713a51-98a3-4b4d-a456-d02000150d52","idx":3,"married":true,"gender":"Male","name":"Miss Walton Moen","sons":null,"daughters":[]},"4":{"id":"e79720b3-04da-4c2c-bfb2-383b42e0943c","idx":4,"married":true,"gender":"Male","name":"Sarah Hammes","sons":null,"daughters":[]},"5":{"id":"052912ac-402c-495a-8ef2-9bd37787cbb3","idx":5,"married":false,"gender":"Male","name":"Dewitt Bernier","sons":null,"daughters":[]},"6":{"id":"1c7af2fe-fbe0-464b-b915-9f660e461ce3","idx":6,"married":true,"gender":"Male","name":"Chandler Schuster","sons":null,"daughters":[{"age":21,"name":"Patience"}]},"7":{"id":"eee83ffb-6927-46ad-b087-fdab689b846a","idx":7,"married":true,"gender":"Male","name":"Terrill Rodriguez","sons":null,"daughters":[]},"level":"debug","message":"","timestamp":"2014-01-04T21:08:07.756Z"}
{"level":"info","message":"Response for 'users' was processed","timestamp":"2014-01-04T21:08:07.823Z"}
{"level":"info","message":"Create and Configure the mockson Server","timestamp":"2014-01-04T21:10:36.717Z"}
{"options":{"toobusy":true,"servicesDirectory":"./services/","allowedDomains":["*"]},"level":"debug","message":"","timestamp":"2014-01-04T21:10:36.735Z"}
{"level":"info","message":"Load services from './services/'","timestamp":"2014-01-04T21:10:37.123Z"}
{"0":{"serviceUrl":"users","verbs":["get","post","put"],"headers":{"*":{"XServedBy":"Mockson","XIpsum":"{{IPSUM}}","XRevision":["{headers.XRevision}+1","0"],"q":["{query.q}+1","0"]}},"latency":3000,"cache":true,"unwrap":{"get":true},"jsonp":"callback","templates":{"get":{"users|5-10":[{"id":"{{UUID}}","idx|+1":0,"married|0-1":true,"gender":"{{GENDER}}","name":"{{NAME}}","sons":null,"daughters|0-3":[{"age|0-31":0,"name":"{{NAME[FIRST]}}"}]}]},"post":{"id":"{{UUID}}"}},"empty":{"*":{"status":204,"headers":{},"body":{}}}},"1":{"serviceUrl":"users/:id","verbs":["get","put","delete"],"headers":{"*":{"XServedBy":"Mockson","XIpsum":"{{IPSUM}}","XRevision":"{headers.XRevision}"},"get":{"XServedBy":"Mockson","XRevision":"{headers.XRevision}"}},"latency":500,"matches":{"service":"users","*":{"id":"{params.id}","name":["moshe","ezra"]},"get":{"id":"{params.id}"},"put":[{"{query.id}":"={id}"}]},"empty":{"*":{"status":200,"headers":{},"body":{}},"get":{"status":204,"headers":{"204":true},"body":{"data":"No Item Found"}}}},"level":"debug","message":"","timestamp":"2014-01-04T21:10:37.146Z"}
{"level":"info","message":"Set route: GET users : 3000 ms","timestamp":"2014-01-04T21:10:37.148Z"}
{"level":"info","message":"Set route: POST users : 3000 ms","timestamp":"2014-01-04T21:10:37.149Z"}
{"level":"info","message":"Set route: PUT users : 3000 ms","timestamp":"2014-01-04T21:10:37.149Z"}
{"level":"info","message":"Set route: GET users/:id : 500 ms","timestamp":"2014-01-04T21:10:37.149Z"}
{"level":"info","message":"Set route: PUT users/:id : 500 ms","timestamp":"2014-01-04T21:10:37.149Z"}
{"level":"info","message":"Set route: DELETE users/:id : 500 ms","timestamp":"2014-01-04T21:10:37.150Z"}
{"level":"info","message":"Services Loaded","timestamp":"2014-01-04T21:10:37.150Z"}
{"level":"info","message":"Configure static pages","timestamp":"2014-01-04T21:10:37.150Z"}
{"level":"info","message":"Start the mockson Server","timestamp":"2014-01-04T21:10:37.151Z"}
{"level":"info","message":"mockson server listening at 127.11.152.1:8080","timestamp":"2014-01-04T21:10:37.200Z"}
{"level":"info","message":"Create and Configure the mockson Server","timestamp":"2014-01-04T21:13:24.722Z"}
{"options":{"toobusy":true,"servicesDirectory":"./services/","allowedDomains":["*"]},"level":"debug","message":"","timestamp":"2014-01-04T21:13:24.726Z"}
{"level":"info","message":"Load services from './services/'","timestamp":"2014-01-04T21:13:24.828Z"}
{"0":{"serviceUrl":"users","verbs":["get","post","put"],"headers":{"*":{"XServedBy":"Mockson","XIpsum":"{{IPSUM}}","XRevision":["{headers.XRevision}+1","0"],"q":["{query.q}+1","0"]}},"latency":3000,"cache":true,"unwrap":{"get":true},"jsonp":"callback","templates":{"get":{"users|5-10":[{"id":"{{UUID}}","idx|+1":0,"married|0-1":true,"gender":"{{GENDER}}","name":"{{NAME}}","sons":null,"daughters|0-3":[{"age|0-31":0,"name":"{{NAME[FIRST]}}"}]}]},"post":{"id":"{{UUID}}"}},"empty":{"*":{"status":204,"headers":{},"body":{}}}},"1":{"serviceUrl":"users/:id","verbs":["get","put","delete"],"headers":{"*":{"XServedBy":"Mockson","XIpsum":"{{IPSUM}}","XRevision":"{headers.XRevision}"},"get":{"XServedBy":"Mockson","XRevision":"{headers.XRevision}"}},"latency":500,"matches":{"service":"users","*":{"id":"{params.id}","name":["moshe","ezra"]},"get":{"id":"{params.id}"},"put":[{"{query.id}":"={id}"}]},"empty":{"*":{"status":200,"headers":{},"body":{}},"get":{"status":204,"headers":{"204":true},"body":{"data":"No Item Found"}}}},"level":"debug","message":"","timestamp":"2014-01-04T21:13:24.861Z"}
{"level":"info","message":"Set route: GET users : 3000 ms","timestamp":"2014-01-04T21:13:24.885Z"}
{"level":"info","message":"Set route: POST users : 3000 ms","timestamp":"2014-01-04T21:13:24.886Z"}
{"level":"info","message":"Set route: PUT users : 3000 ms","timestamp":"2014-01-04T21:13:24.887Z"}
{"level":"info","message":"Set route: GET users/:id : 500 ms","timestamp":"2014-01-04T21:13:24.896Z"}
{"level":"info","message":"Set route: PUT users/:id : 500 ms","timestamp":"2014-01-04T21:13:24.898Z"}
{"level":"info","message":"Set route: DELETE users/:id : 500 ms","timestamp":"2014-01-04T21:13:24.902Z"}
{"level":"info","message":"Services Loaded","timestamp":"2014-01-04T21:13:24.903Z"}
{"level":"info","message":"Configure static pages","timestamp":"2014-01-04T21:13:24.903Z"}
{"level":"info","message":"Start the mockson Server","timestamp":"2014-01-04T21:13:24.904Z"}
{"level":"info","message":"mockson server listening at 127.11.152.1:8080","timestamp":"2014-01-04T21:13:25.270Z"}
{"level":"info","message":"Load service '/var/lib/stickshift/52bfe482e0b8cd446f000344/app-root/data/722765/services/users.json'","timestamp":"2014-01-04T21:13:24.837Z"}
{"level":"info","message":"Got request to 'users'","timestamp":"2014-01-04T21:14:16.421Z"}
{"level":"info","message":"Process response for 'users'","timestamp":"2014-01-04T21:14:19.423Z"}
{"level":"info","message":"Process headers","timestamp":"2014-01-04T21:14:19.428Z"}
{"XServedBy":"Mockson","XIpsum":"ut","XRevision":"0","q":4,"level":"debug","message":"","timestamp":"2014-01-04T21:14:19.496Z"}
{"level":"info","message":"Process status","timestamp":"2014-01-04T21:14:19.504Z"}
{"level":"debug","message":"200","timestamp":"2014-01-04T21:14:19.505Z"}
{"level":"info","message":"Process body","timestamp":"2014-01-04T21:14:19.506Z"}
{"0":{"id":"b0c2bc15-6316-4478-8706-74a0a094c1d5","idx":0,"married":true,"gender":"Male","name":"Ally Macejkovic II","sons":null,"daughters":[]},"1":{"id":"dd48f539-4a8d-478c-8724-6da262aab08f","idx":1,"married":true,"gender":"Male","name":"Humberto Kirlin","sons":null,"daughters":[{"age":7,"name":"Carrie"}]},"2":{"id":"15b6c7b0-79f3-4641-b458-87f08dc932fd","idx":2,"married":false,"gender":"Female","name":"Pearlie Mertz","sons":null,"daughters":[{"age":10,"name":"Billy"},{"age":1,"name":"Dejuan"}]},"3":{"id":"426bba70-6147-4a21-bbc1-5fcb3bd8e1e6","idx":3,"married":true,"gender":"Female","name":"Thaddeus Bernhard","sons":null,"daughters":[{"age":11,"name":"Friedrich"}]},"4":{"id":"315c7902-740f-4031-8747-c96e1c301a25","idx":4,"married":false,"gender":"Female","name":"Mrs. Ahmad Lueilwitz","sons":null,"daughters":[]},"5":{"id":"d069aecd-ff13-4b97-b8a8-b62b9129369b","idx":5,"married":true,"gender":"Female","name":"Santino Haley","sons":null,"daughters":[{"age":19,"name":"Devante"},{"age":29,"name":"Chanel"}]},"6":{"id":"076f59b7-a9d4-4783-9dda-7090edb7962b","idx":6,"married":false,"gender":"Male","name":"Newton Treutel","sons":null,"daughters":[{"age":13,"name":"Thaddeus"}]},"level":"debug","message":"","timestamp":"2014-01-04T21:14:19.660Z"}
{"level":"info","message":"Response for 'users' was processed","timestamp":"2014-01-04T21:14:19.693Z"}
{"level":"info","message":"Got request to 'users/:id'","timestamp":"2014-01-04T21:14:28.535Z"}
{"level":"info","message":"Process response for 'users/:id'","timestamp":"2014-01-04T21:14:29.054Z"}
{"level":"info","message":"Process headers","timestamp":"2014-01-04T21:14:29.055Z"}
{"XServedBy":"Mockson","level":"debug","message":"","timestamp":"2014-01-04T21:14:29.065Z"}
{"level":"info","message":"Process status","timestamp":"2014-01-04T21:14:29.077Z"}
{"level":"debug","message":"200","timestamp":"2014-01-04T21:14:29.077Z"}
{"level":"info","message":"Process body","timestamp":"2014-01-04T21:14:29.078Z"}
{"level":"debug","message":"undefined","timestamp":"2014-01-04T21:14:29.094Z"}
{"level":"info","message":"Response for 'users/:id' was processed","timestamp":"2014-01-04T21:14:29.118Z"}
{"level":"info","message":"Got request to 'users/:id'","timestamp":"2014-01-04T21:14:40.135Z"}
{"level":"info","message":"Process response for 'users/:id'","timestamp":"2014-01-04T21:14:40.694Z"}
{"level":"info","message":"Process headers","timestamp":"2014-01-04T21:14:40.694Z"}
{"XServedBy":"Mockson","level":"debug","message":"","timestamp":"2014-01-04T21:14:40.695Z"}
{"level":"info","message":"Process status","timestamp":"2014-01-04T21:14:40.696Z"}
{"level":"debug","message":"200","timestamp":"2014-01-04T21:14:40.696Z"}
{"level":"info","message":"Process body","timestamp":"2014-01-04T21:14:40.697Z"}
{"level":"debug","message":"undefined","timestamp":"2014-01-04T21:14:40.706Z"}
{"level":"info","message":"Response for 'users/:id' was processed","timestamp":"2014-01-04T21:14:40.708Z"}
{"level":"info","message":"Got request to 'users/:id'","timestamp":"2014-01-04T21:15:27.866Z"}
{"level":"info","message":"Process response for 'users/:id'","timestamp":"2014-01-04T21:15:28.367Z"}
{"level":"info","message":"Process headers","timestamp":"2014-01-04T21:15:28.368Z"}
{"XServedBy":"Mockson","level":"debug","message":"","timestamp":"2014-01-04T21:15:28.368Z"}
{"level":"info","message":"Process status","timestamp":"2014-01-04T21:15:28.368Z"}
{"level":"debug","message":"200","timestamp":"2014-01-04T21:15:28.368Z"}
{"level":"info","message":"Process body","timestamp":"2014-01-04T21:15:28.368Z"}
{"id":"15b6c7b0-79f3-4641-b458-87f08dc932fd","idx":2,"married":false,"gender":"Female","name":"Pearlie Mertz","sons":null,"daughters":[{"age":10,"name":"Billy"},{"age":1,"name":"Dejuan"}],"level":"debug","message":"","timestamp":"2014-01-04T21:15:28.369Z"}
{"level":"info","message":"Response for 'users/:id' was processed","timestamp":"2014-01-04T21:15:28.370Z"}
